2018-10-23 10:38:00：
url访问错误，访问地址：http://f.apiplus.net/sd11x5-1.json。
2018-10-23 12:03:15：
返回数据转换成JSON错误，转换数据：<!DOCTYPE HTML PUBLIC "-//W3C//DTD HTML 4.01//EN" "http://www.w3.org/TR/html4/strict.dtd"> 
<HTML><HEAD><TITLE>FastCGI Error</TITLE> 
<META HTTP-EQUIV="Content-Type" Content="text/html; charset=Windows-1252"> 
<STYLE type="text/css"> 
BODY { font: 8pt/12pt verdana } 
H1 { font: 13pt/15pt verdana } 
H2 { font: 8pt/12pt verdana } 
A:link { color: red } 
A:visited { color: maroon } 
</STYLE> 
</HEAD><BODY><TABLE width=500 border=0 cellspacing=10><TR><TD> 

<h1>FastCGI Error</h1> 
The FastCGI Handler was unable to process the request. 
<hr> 
<p>Error Details:</p> 
<ul> 
<li>The FastCGI process has failed frequently recently. Try the request again in a while</li>
<li>Error Number: -2147467259 (0x80004005).</li> 
<li>Error Description: δ????????
</li> 
 
</ul> 
<h2>HTTP Error 500 - Server Error.<br>Internet Information Services (IIS)</h2> 

</TD></TR></TABLE></BODY></HTML> 
。
2018-10-23 12:03:15：
返回数据转换成JSON错误，转换数据：<!DOCTYPE HTML PUBLIC "-//W3C//DTD HTML 4.01//EN" "http://www.w3.org/TR/html4/strict.dtd"> 
<HTML><HEAD><TITLE>FastCGI Error</TITLE> 
<META HTTP-EQUIV="Content-Type" Content="text/html; charset=Windows-1252"> 
<STYLE type="text/css"> 
BODY { font: 8pt/12pt verdana } 
H1 { font: 13pt/15pt verdana } 
H2 { font: 8pt/12pt verdana } 
A:link { color: red } 
A:visited { color: maroon } 
</STYLE> 
</HEAD><BODY><TABLE width=500 border=0 cellspacing=10><TR><TD> 

<h1>FastCGI Error</h1> 
The FastCGI Handler was unable to process the request. 
<hr> 
<p>Error Details:</p> 
<ul> 
<li>The FastCGI process has failed frequently recently. Try the request again in a while</li>
<li>Error Number: -2147467259 (0x80004005).</li> 
<li>Error Description: δ????????
</li> 
 
</ul> 
<h2>HTTP Error 500 - Server Error.<br>Internet Information Services (IIS)</h2> 

</TD></TR></TABLE></BODY></HTML> 
。
2018-10-23 12:03:30：
返回数据转换成JSON错误，转换数据：<!DOCTYPE HTML PUBLIC "-//W3C//DTD HTML 4.01//EN" "http://www.w3.org/TR/html4/strict.dtd"> 
<HTML><HEAD><TITLE>FastCGI Error</TITLE> 
<META HTTP-EQUIV="Content-Type" Content="text/html; charset=Windows-1252"> 
<STYLE type="text/css"> 
BODY { font: 8pt/12pt verdana } 
H1 { font: 13pt/15pt verdana } 
H2 { font: 8pt/12pt verdana } 
A:link { color: red } 
A:visited { color: maroon } 
</STYLE> 
</HEAD><BODY><TABLE width=500 border=0 cellspacing=10><TR><TD> 

<h1>FastCGI Error</h1> 
The FastCGI Handler was unable to process the request. 
<hr> 
<p>Error Details:</p> 
<ul> 
<li>The FastCGI process has failed frequently recently. Try the request again in a while</li>
<li>Error Number: -2147467259 (0x80004005).</li> 
<li>Error Description: δ????????
</li> 
 
</ul> 
<h2>HTTP Error 500 - Server Error.<br>Internet Information Services (IIS)</h2> 

</TD></TR></TABLE></BODY></HTML> 
。
2018-10-23 12:03:45：
返回数据转换成JSON错误，转换数据：<!DOCTYPE HTML PUBLIC "-//W3C//DTD HTML 4.01//EN" "http://www.w3.org/TR/html4/strict.dtd"> 
<HTML><HEAD><TITLE>FastCGI Error</TITLE> 
<META HTTP-EQUIV="Content-Type" Content="text/html; charset=Windows-1252"> 
<STYLE type="text/css"> 
BODY { font: 8pt/12pt verdana } 
H1 { font: 13pt/15pt verdana } 
H2 { font: 8pt/12pt verdana } 
A:link { color: red } 
A:visited { color: maroon } 
</STYLE> 
</HEAD><BODY><TABLE width=500 border=0 cellspacing=10><TR><TD> 

<h1>FastCGI Error</h1> 
The FastCGI Handler was unable to process the request. 
<hr> 
<p>Error Details:</p> 
<ul> 
<li>The FastCGI process has failed frequently recently. Try the request again in a while</li>
<li>Error Number: -2147467259 (0x80004005).</li> 
<li>Error Description: δ????????
</li> 
 
</ul> 
<h2>HTTP Error 500 - Server Error.<br>Internet Information Services (IIS)</h2> 

</TD></TR></TABLE></BODY></HTML> 
。
2018-10-23 12:04:00：
返回数据转换成JSON错误，转换数据：<!DOCTYPE HTML PUBLIC "-//W3C//DTD HTML 4.01//EN" "http://www.w3.org/TR/html4/strict.dtd"> 
<HTML><HEAD><TITLE>FastCGI Error</TITLE> 
<META HTTP-EQUIV="Content-Type" Content="text/html; charset=Windows-1252"> 
<STYLE type="text/css"> 
BODY { font: 8pt/12pt verdana } 
H1 { font: 13pt/15pt verdana } 
H2 { font: 8pt/12pt verdana } 
A:link { color: red } 
A:visited { color: maroon } 
</STYLE> 
</HEAD><BODY><TABLE width=500 border=0 cellspacing=10><TR><TD> 

<h1>FastCGI Error</h1> 
The FastCGI Handler was unable to process the request. 
<hr> 
<p>Error Details:</p> 
<ul> 
<li>The FastCGI process has failed frequently recently. Try the request again in a while</li>
<li>Error Number: -2147467259 (0x80004005).</li> 
<li>Error Description: δ????????
</li> 
 
</ul> 
<h2>HTTP Error 500 - Server Error.<br>Internet Information Services (IIS)</h2> 

</TD></TR></TABLE></BODY></HTML> 
。
2018-10-23 14:57:15：
数据插入数据库时错误，插入数据：{"rows":1,"code":"sd11x5","info":"免费接口随机延迟3-6分钟，实时接口请访问www.opencai.net查询、购买或续费","data":[{"expect":"2018102338","opencode":"09,11,06,10,08","opentime":"2018-10-23 14:46:20","opentimestamp":1540277180}]}。
2018-10-23 14:57:22：
数据插入数据库时错误，插入数据：{"rows":1,"code":"sd11x5","info":"免费接口随机延迟3-6分钟，实时接口请访问www.opencai.net查询、购买或续费","data":[{"expect":"2018102338","opencode":"09,11,06,10,08","opentime":"2018-10-23 14:46:20","opentimestamp":1540277180}]}。
2018-10-23 14:57:44：
数据插入数据库时错误，插入数据：{"rows":1,"code":"sd11x5","info":"免费接口随机延迟3-6分钟，实时接口请访问www.opencai.net查询、购买或续费","data":[{"expect":"2018102338","opencode":"09,11,06,10,08","opentime":"2018-10-23 14:46:20","opentimestamp":1540277180}]}。
