2018-10-23 08:43:59：
数据插入数据库时错误，插入数据：{"rows":1,"code":"gd11x5","info":"免费接口随机延迟3-6分钟，实时接口请访问www.opencai.net查询、购买或续费","data":[{"expect":"2018102284","opencode":"02,11,04,09,03","opentime":"2018-10-22 23:00:40","opentimestamp":1540220440}]}。
2018-10-23 08:44:05：
数据插入数据库时错误，插入数据：{"rows":1,"code":"gd11x5","info":"免费接口随机延迟3-6分钟，实时接口请访问www.opencai.net查询、购买或续费","data":[{"expect":"2018102284","opencode":"02,11,04,09,03","opentime":"2018-10-22 23:00:40","opentimestamp":1540220440}]}。
2018-10-23 08:44:22：
数据插入数据库时错误，插入数据：{"rows":1,"code":"gd11x5","info":"免费接口随机延迟3-6分钟，实时接口请访问www.opencai.net查询、购买或续费","data":[{"expect":"2018102284","opencode":"02,11,04,09,03","opentime":"2018-10-22 23:00:40","opentimestamp":1540220440}]}。
2018-10-23 10:26:27：
数据插入数据库时错误，插入数据：{"rows":1,"code":"gd11x5","info":"免费接口随机延迟3-6分钟，实时接口请访问www.opencai.net查询、购买或续费","data":[{"expect":"2018102308","opencode":"05,06,02,08,01","opentime":"2018-10-23 10:20:40","opentimestamp":1540261240}]}。
2018-10-23 11:32:00：
url访问错误，访问地址：http://f.apiplus.net/gd11x5-1.json。
2018-10-23 12:03:15：
返回数据转换成JSON错误，转换数据：<!DOCTYPE HTML PUBLIC "-//W3C//DTD HTML 4.01//EN" "http://www.w3.org/TR/html4/strict.dtd"> 
<HTML><HEAD><TITLE>FastCGI Error</TITLE> 
<META HTTP-EQUIV="Content-Type" Content="text/html; charset=Windows-1252"> 
<STYLE type="text/css"> 
BODY { font: 8pt/12pt verdana } 
H1 { font: 13pt/15pt verdana } 
H2 { font: 8pt/12pt verdana } 
A:link { color: red } 
A:visited { color: maroon } 
</STYLE> 
</HEAD><BODY><TABLE width=500 border=0 cellspacing=10><TR><TD> 

<h1>FastCGI Error</h1> 
The FastCGI Handler was unable to process the request. 
<hr> 
<p>Error Details:</p> 
<ul> 
<li>The FastCGI process has failed frequently recently. Try the request again in a while</li>
<li>Error Number: -2147467259 (0x80004005).</li> 
<li>Error Description: δ????????
</li> 
 
</ul> 
<h2>HTTP Error 500 - Server Error.<br>Internet Information Services (IIS)</h2> 

</TD></TR></TABLE></BODY></HTML> 
。
2018-10-23 12:03:15：
返回数据转换成JSON错误，转换数据：<!DOCTYPE HTML PUBLIC "-//W3C//DTD HTML 4.01//EN" "http://www.w3.org/TR/html4/strict.dtd"> 
<HTML><HEAD><TITLE>FastCGI Error</TITLE> 
<META HTTP-EQUIV="Content-Type" Content="text/html; charset=Windows-1252"> 
<STYLE type="text/css"> 
BODY { font: 8pt/12pt verdana } 
H1 { font: 13pt/15pt verdana } 
H2 { font: 8pt/12pt verdana } 
A:link { color: red } 
A:visited { color: maroon } 
</STYLE> 
</HEAD><BODY><TABLE width=500 border=0 cellspacing=10><TR><TD> 

<h1>FastCGI Error</h1> 
The FastCGI Handler was unable to process the request. 
<hr> 
<p>Error Details:</p> 
<ul> 
<li>The FastCGI process has failed frequently recently. Try the request again in a while</li>
<li>Error Number: -2147467259 (0x80004005).</li> 
<li>Error Description: δ????????
</li> 
 
</ul> 
<h2>HTTP Error 500 - Server Error.<br>Internet Information Services (IIS)</h2> 

</TD></TR></TABLE></BODY></HTML> 
。
2018-10-23 12:03:30：
返回数据转换成JSON错误，转换数据：<!DOCTYPE HTML PUBLIC "-//W3C//DTD HTML 4.01//EN" "http://www.w3.org/TR/html4/strict.dtd"> 
<HTML><HEAD><TITLE>FastCGI Error</TITLE> 
<META HTTP-EQUIV="Content-Type" Content="text/html; charset=Windows-1252"> 
<STYLE type="text/css"> 
BODY { font: 8pt/12pt verdana } 
H1 { font: 13pt/15pt verdana } 
H2 { font: 8pt/12pt verdana } 
A:link { color: red } 
A:visited { color: maroon } 
</STYLE> 
</HEAD><BODY><TABLE width=500 border=0 cellspacing=10><TR><TD> 

<h1>FastCGI Error</h1> 
The FastCGI Handler was unable to process the request. 
<hr> 
<p>Error Details:</p> 
<ul> 
<li>The FastCGI process has failed frequently recently. Try the request again in a while</li>
<li>Error Number: -2147467259 (0x80004005).</li> 
<li>Error Description: δ????????
</li> 
 
</ul> 
<h2>HTTP Error 500 - Server Error.<br>Internet Information Services (IIS)</h2> 

</TD></TR></TABLE></BODY></HTML> 
。
2018-10-23 12:03:45：
返回数据转换成JSON错误，转换数据：<!DOCTYPE HTML PUBLIC "-//W3C//DTD HTML 4.01//EN" "http://www.w3.org/TR/html4/strict.dtd"> 
<HTML><HEAD><TITLE>FastCGI Error</TITLE> 
<META HTTP-EQUIV="Content-Type" Content="text/html; charset=Windows-1252"> 
<STYLE type="text/css"> 
BODY { font: 8pt/12pt verdana } 
H1 { font: 13pt/15pt verdana } 
H2 { font: 8pt/12pt verdana } 
A:link { color: red } 
A:visited { color: maroon } 
</STYLE> 
</HEAD><BODY><TABLE width=500 border=0 cellspacing=10><TR><TD> 

<h1>FastCGI Error</h1> 
The FastCGI Handler was unable to process the request. 
<hr> 
<p>Error Details:</p> 
<ul> 
<li>The FastCGI process has failed frequently recently. Try the request again in a while</li>
<li>Error Number: -2147467259 (0x80004005).</li> 
<li>Error Description: δ????????
</li> 
 
</ul> 
<h2>HTTP Error 500 - Server Error.<br>Internet Information Services (IIS)</h2> 

</TD></TR></TABLE></BODY></HTML> 
。
2018-10-23 12:04:00：
返回数据转换成JSON错误，转换数据：<!DOCTYPE HTML PUBLIC "-//W3C//DTD HTML 4.01//EN" "http://www.w3.org/TR/html4/strict.dtd"> 
<HTML><HEAD><TITLE>FastCGI Error</TITLE> 
<META HTTP-EQUIV="Content-Type" Content="text/html; charset=Windows-1252"> 
<STYLE type="text/css"> 
BODY { font: 8pt/12pt verdana } 
H1 { font: 13pt/15pt verdana } 
H2 { font: 8pt/12pt verdana } 
A:link { color: red } 
A:visited { color: maroon } 
</STYLE> 
</HEAD><BODY><TABLE width=500 border=0 cellspacing=10><TR><TD> 

<h1>FastCGI Error</h1> 
The FastCGI Handler was unable to process the request. 
<hr> 
<p>Error Details:</p> 
<ul> 
<li>The FastCGI process has failed frequently recently. Try the request again in a while</li>
<li>Error Number: -2147467259 (0x80004005).</li> 
<li>Error Description: δ????????
</li> 
 
</ul> 
<h2>HTTP Error 500 - Server Error.<br>Internet Information Services (IIS)</h2> 

</TD></TR></TABLE></BODY></HTML> 
。
2018-10-23 14:57:13：
数据插入数据库时错误，插入数据：{"rows":1,"code":"gd11x5","info":"免费接口随机延迟3-6分钟，实时接口请访问www.opencai.net查询、购买或续费","data":[{"expect":"2018102335","opencode":"06,01,09,03,07","opentime":"2018-10-23 14:50:40","opentimestamp":1540277440}]}。
2018-10-23 14:57:24：
数据插入数据库时错误，插入数据：{"rows":1,"code":"gd11x5","info":"免费接口随机延迟3-6分钟，实时接口请访问www.opencai.net查询、购买或续费","data":[{"expect":"2018102335","opencode":"06,01,09,03,07","opentime":"2018-10-23 14:50:40","opentimestamp":1540277440}]}。
2018-10-23 15:06:37：
数据插入数据库时错误，插入数据：{"rows":1,"code":"gd11x5","info":"免费接口随机延迟3-6分钟，实时接口请访问www.opencai.net查询、购买或续费","data":[{"expect":"2018102336","opencode":"01,06,10,07,09","opentime":"2018-10-23 15:00:40","opentimestamp":1540278040}]}。
2018-10-23 15:36:37：
数据插入数据库时错误，插入数据：{"rows":1,"code":"gd11x5","info":"免费接口随机延迟3-6分钟，实时接口请访问www.opencai.net查询、购买或续费","data":[{"expect":"2018102339","opencode":"09,05,07,01,04","opentime":"2018-10-23 15:30:40","opentimestamp":1540279840}]}。
