2018-10-23 08:44:03：
数据插入数据库时错误，插入数据：{"rows":1,"code":"jx11x5","info":"免费接口随机延迟3-6分钟，实时接口请访问www.opencai.net查询、购买或续费","data":[{"expect":"2018102284","opencode":"07,11,05,03,04","opentime":"2018-10-22 23:01:00","opentimestamp":1540220460}]}。
2018-10-23 08:44:07：
数据插入数据库时错误，插入数据：{"rows":1,"code":"jx11x5","info":"免费接口随机延迟3-6分钟，实时接口请访问www.opencai.net查询、购买或续费","data":[{"expect":"2018102284","opencode":"07,11,05,03,04","opentime":"2018-10-22 23:01:00","opentimestamp":1540220460}]}。
2018-10-23 09:36:50：
数据插入数据库时错误，插入数据：{"rows":1,"code":"jx11x5","info":"免费接口随机延迟3-6分钟，实时接口请访问www.opencai.net查询、购买或续费","data":[{"expect":"2018102303","opencode":"03,07,11,08,01","opentime":"2018-10-23 09:31:00","opentimestamp":1540258260}]}。
2018-10-23 12:02:54：
返回数据转换成JSON错误，转换数据：<!DOCTYPE HTML PUBLIC "-//W3C//DTD HTML 4.01//EN" "http://www.w3.org/TR/html4/strict.dtd"> 
<HTML><HEAD><TITLE>FastCGI Error</TITLE> 
<META HTTP-EQUIV="Content-Type" Content="text/html; charset=Windows-1252"> 
<STYLE type="text/css"> 
BODY { font: 8pt/12pt verdana } 
H1 { font: 13pt/15pt verdana } 
H2 { font: 8pt/12pt verdana } 
A:link { color: red } 
A:visited { color: maroon } 
</STYLE> 
</HEAD><BODY><TABLE width=500 border=0 cellspacing=10><TR><TD> 

<h1>FastCGI Error</h1> 
The FastCGI Handler was unable to process the request. 
<hr> 
<p>Error Details:</p> 
<ul> 
<li>The FastCGI process has failed frequently recently. Try the request again in a while</li>
<li>Error Number: -2147467259 (0x80004005).</li> 
<li>Error Description: δ????????
</li> 
 
</ul> 
<h2>HTTP Error 500 - Server Error.<br>Internet Information Services (IIS)</h2> 

</TD></TR></TABLE></BODY></HTML> 
。
2018-10-23 12:03:15：
返回数据转换成JSON错误，转换数据：<!DOCTYPE HTML PUBLIC "-//W3C//DTD HTML 4.01//EN" "http://www.w3.org/TR/html4/strict.dtd"> 
<HTML><HEAD><TITLE>FastCGI Error</TITLE> 
<META HTTP-EQUIV="Content-Type" Content="text/html; charset=Windows-1252"> 
<STYLE type="text/css"> 
BODY { font: 8pt/12pt verdana } 
H1 { font: 13pt/15pt verdana } 
H2 { font: 8pt/12pt verdana } 
A:link { color: red } 
A:visited { color: maroon } 
</STYLE> 
</HEAD><BODY><TABLE width=500 border=0 cellspacing=10><TR><TD> 

<h1>FastCGI Error</h1> 
The FastCGI Handler was unable to process the request. 
<hr> 
<p>Error Details:</p> 
<ul> 
<li>The FastCGI process has failed frequently recently. Try the request again in a while</li>
<li>Error Number: -2147467259 (0x80004005).</li> 
<li>Error Description: δ????????
</li> 
 
</ul> 
<h2>HTTP Error 500 - Server Error.<br>Internet Information Services (IIS)</h2> 

</TD></TR></TABLE></BODY></HTML> 
。
2018-10-23 12:03:24：
返回数据转换成JSON错误，转换数据：<!DOCTYPE HTML PUBLIC "-//W3C//DTD HTML 4.01//EN" "http://www.w3.org/TR/html4/strict.dtd"> 
<HTML><HEAD><TITLE>FastCGI Error</TITLE> 
<META HTTP-EQUIV="Content-Type" Content="text/html; charset=Windows-1252"> 
<STYLE type="text/css"> 
BODY { font: 8pt/12pt verdana } 
H1 { font: 13pt/15pt verdana } 
H2 { font: 8pt/12pt verdana } 
A:link { color: red } 
A:visited { color: maroon } 
</STYLE> 
</HEAD><BODY><TABLE width=500 border=0 cellspacing=10><TR><TD> 

<h1>FastCGI Error</h1> 
The FastCGI Handler was unable to process the request. 
<hr> 
<p>Error Details:</p> 
<ul> 
<li>The FastCGI process has failed frequently recently. Try the request again in a while</li>
<li>Error Number: -2147467259 (0x80004005).</li> 
<li>Error Description: δ????????
</li> 
 
</ul> 
<h2>HTTP Error 500 - Server Error.<br>Internet Information Services (IIS)</h2> 

</TD></TR></TABLE></BODY></HTML> 
。
2018-10-23 12:03:39：
返回数据转换成JSON错误，转换数据：<!DOCTYPE HTML PUBLIC "-//W3C//DTD HTML 4.01//EN" "http://www.w3.org/TR/html4/strict.dtd"> 
<HTML><HEAD><TITLE>FastCGI Error</TITLE> 
<META HTTP-EQUIV="Content-Type" Content="text/html; charset=Windows-1252"> 
<STYLE type="text/css"> 
BODY { font: 8pt/12pt verdana } 
H1 { font: 13pt/15pt verdana } 
H2 { font: 8pt/12pt verdana } 
A:link { color: red } 
A:visited { color: maroon } 
</STYLE> 
</HEAD><BODY><TABLE width=500 border=0 cellspacing=10><TR><TD> 

<h1>FastCGI Error</h1> 
The FastCGI Handler was unable to process the request. 
<hr> 
<p>Error Details:</p> 
<ul> 
<li>The FastCGI process has failed frequently recently. Try the request again in a while</li>
<li>Error Number: -2147467259 (0x80004005).</li> 
<li>Error Description: δ????????
</li> 
 
</ul> 
<h2>HTTP Error 500 - Server Error.<br>Internet Information Services (IIS)</h2> 

</TD></TR></TABLE></BODY></HTML> 
。
2018-10-23 12:03:54：
返回数据转换成JSON错误，转换数据：<!DOCTYPE HTML PUBLIC "-//W3C//DTD HTML 4.01//EN" "http://www.w3.org/TR/html4/strict.dtd"> 
<HTML><HEAD><TITLE>FastCGI Error</TITLE> 
<META HTTP-EQUIV="Content-Type" Content="text/html; charset=Windows-1252"> 
<STYLE type="text/css"> 
BODY { font: 8pt/12pt verdana } 
H1 { font: 13pt/15pt verdana } 
H2 { font: 8pt/12pt verdana } 
A:link { color: red } 
A:visited { color: maroon } 
</STYLE> 
</HEAD><BODY><TABLE width=500 border=0 cellspacing=10><TR><TD> 

<h1>FastCGI Error</h1> 
The FastCGI Handler was unable to process the request. 
<hr> 
<p>Error Details:</p> 
<ul> 
<li>The FastCGI process has failed frequently recently. Try the request again in a while</li>
<li>Error Number: -2147467259 (0x80004005).</li> 
<li>Error Description: δ????????
</li> 
 
</ul> 
<h2>HTTP Error 500 - Server Error.<br>Internet Information Services (IIS)</h2> 

</TD></TR></TABLE></BODY></HTML> 
。
2018-10-23 14:57:08：
数据插入数据库时错误，插入数据：{"rows":1,"code":"jx11x5","info":"免费接口随机延迟3-6分钟，实时接口请访问www.opencai.net查询、购买或续费","data":[{"expect":"2018102335","opencode":"11,09,01,07,06","opentime":"2018-10-23 14:51:00","opentimestamp":1540277460}]}。
2018-10-23 14:57:20：
数据插入数据库时错误，插入数据：{"rows":1,"code":"jx11x5","info":"免费接口随机延迟3-6分钟，实时接口请访问www.opencai.net查询、购买或续费","data":[{"expect":"2018102335","opencode":"11,09,01,07,06","opentime":"2018-10-23 14:51:00","opentimestamp":1540277460}]}。
2018-10-23 14:57:47：
数据插入数据库时错误，插入数据：{"rows":1,"code":"jx11x5","info":"免费接口随机延迟3-6分钟，实时接口请访问www.opencai.net查询、购买或续费","data":[{"expect":"2018102335","opencode":"11,09,01,07,06","opentime":"2018-10-23 14:51:00","opentimestamp":1540277460}]}。
2018-10-23 15:26:35：
数据插入数据库时错误，插入数据：{"rows":1,"code":"jx11x5","info":"免费接口随机延迟3-6分钟，实时接口请访问www.opencai.net查询、购买或续费","data":[{"expect":"2018102338","opencode":"11,02,10,01,06","opentime":"2018-10-23 15:21:00","opentimestamp":1540279260}]}。
2018-10-23 15:36:42：
数据插入数据库时错误，插入数据：{"rows":1,"code":"jx11x5","info":"免费接口随机延迟3-6分钟，实时接口请访问www.opencai.net查询、购买或续费","data":[{"expect":"2018102339","opencode":"02,11,08,09,03","opentime":"2018-10-23 15:31:00","opentimestamp":1540279860}]}。
