2018-10-23 08:43:54：
数据插入数据库时错误，插入数据：{"rows":1,"code":"js11x5","info":"免费接口随机延迟3-6分钟，实时接口请访问www.opencai.net查询、购买或续费","data":[{"expect":"2018102301","opencode":"06,05,07,02,10","opentime":"2018-10-23 08:37:00","opentimestamp":1540255020}]}。
2018-10-23 10:58:45：
url访问错误，访问地址：http://f.apiplus.net/js11x5-1.json。
2018-10-23 12:03:18：
返回数据转换成JSON错误，转换数据：<!DOCTYPE HTML PUBLIC "-//W3C//DTD HTML 4.01//EN" "http://www.w3.org/TR/html4/strict.dtd"> 
<HTML><HEAD><TITLE>FastCGI Error</TITLE> 
<META HTTP-EQUIV="Content-Type" Content="text/html; charset=Windows-1252"> 
<STYLE type="text/css"> 
BODY { font: 8pt/12pt verdana } 
H1 { font: 13pt/15pt verdana } 
H2 { font: 8pt/12pt verdana } 
A:link { color: red } 
A:visited { color: maroon } 
</STYLE> 
</HEAD><BODY><TABLE width=500 border=0 cellspacing=10><TR><TD> 

<h1>FastCGI Error</h1> 
The FastCGI Handler was unable to process the request. 
<hr> 
<p>Error Details:</p> 
<ul> 
<li>The FastCGI process has failed frequently recently. Try the request again in a while</li>
<li>Error Number: -2147467259 (0x80004005).</li> 
<li>Error Description: δ????????
</li> 
 
</ul> 
<h2>HTTP Error 500 - Server Error.<br>Internet Information Services (IIS)</h2> 

</TD></TR></TABLE></BODY></HTML> 
。
2018-10-23 12:03:18：
返回数据转换成JSON错误，转换数据：<!DOCTYPE HTML PUBLIC "-//W3C//DTD HTML 4.01//EN" "http://www.w3.org/TR/html4/strict.dtd"> 
<HTML><HEAD><TITLE>FastCGI Error</TITLE> 
<META HTTP-EQUIV="Content-Type" Content="text/html; charset=Windows-1252"> 
<STYLE type="text/css"> 
BODY { font: 8pt/12pt verdana } 
H1 { font: 13pt/15pt verdana } 
H2 { font: 8pt/12pt verdana } 
A:link { color: red } 
A:visited { color: maroon } 
</STYLE> 
</HEAD><BODY><TABLE width=500 border=0 cellspacing=10><TR><TD> 

<h1>FastCGI Error</h1> 
The FastCGI Handler was unable to process the request. 
<hr> 
<p>Error Details:</p> 
<ul> 
<li>The FastCGI process has failed frequently recently. Try the request again in a while</li>
<li>Error Number: -2147467259 (0x80004005).</li> 
<li>Error Description: δ????????
</li> 
 
</ul> 
<h2>HTTP Error 500 - Server Error.<br>Internet Information Services (IIS)</h2> 

</TD></TR></TABLE></BODY></HTML> 
。
2018-10-23 12:03:33：
返回数据转换成JSON错误，转换数据：<!DOCTYPE HTML PUBLIC "-//W3C//DTD HTML 4.01//EN" "http://www.w3.org/TR/html4/strict.dtd"> 
<HTML><HEAD><TITLE>FastCGI Error</TITLE> 
<META HTTP-EQUIV="Content-Type" Content="text/html; charset=Windows-1252"> 
<STYLE type="text/css"> 
BODY { font: 8pt/12pt verdana } 
H1 { font: 13pt/15pt verdana } 
H2 { font: 8pt/12pt verdana } 
A:link { color: red } 
A:visited { color: maroon } 
</STYLE> 
</HEAD><BODY><TABLE width=500 border=0 cellspacing=10><TR><TD> 

<h1>FastCGI Error</h1> 
The FastCGI Handler was unable to process the request. 
<hr> 
<p>Error Details:</p> 
<ul> 
<li>The FastCGI process has failed frequently recently. Try the request again in a while</li>
<li>Error Number: -2147467259 (0x80004005).</li> 
<li>Error Description: δ????????
</li> 
 
</ul> 
<h2>HTTP Error 500 - Server Error.<br>Internet Information Services (IIS)</h2> 

</TD></TR></TABLE></BODY></HTML> 
。
2018-10-23 12:03:48：
返回数据转换成JSON错误，转换数据：<!DOCTYPE HTML PUBLIC "-//W3C//DTD HTML 4.01//EN" "http://www.w3.org/TR/html4/strict.dtd"> 
<HTML><HEAD><TITLE>FastCGI Error</TITLE> 
<META HTTP-EQUIV="Content-Type" Content="text/html; charset=Windows-1252"> 
<STYLE type="text/css"> 
BODY { font: 8pt/12pt verdana } 
H1 { font: 13pt/15pt verdana } 
H2 { font: 8pt/12pt verdana } 
A:link { color: red } 
A:visited { color: maroon } 
</STYLE> 
</HEAD><BODY><TABLE width=500 border=0 cellspacing=10><TR><TD> 

<h1>FastCGI Error</h1> 
The FastCGI Handler was unable to process the request. 
<hr> 
<p>Error Details:</p> 
<ul> 
<li>The FastCGI process has failed frequently recently. Try the request again in a while</li>
<li>Error Number: -2147467259 (0x80004005).</li> 
<li>Error Description: δ????????
</li> 
 
</ul> 
<h2>HTTP Error 500 - Server Error.<br>Internet Information Services (IIS)</h2> 

</TD></TR></TABLE></BODY></HTML> 
。
2018-10-23 12:04:03：
返回数据转换成JSON错误，转换数据：<!DOCTYPE HTML PUBLIC "-//W3C//DTD HTML 4.01//EN" "http://www.w3.org/TR/html4/strict.dtd"> 
<HTML><HEAD><TITLE>FastCGI Error</TITLE> 
<META HTTP-EQUIV="Content-Type" Content="text/html; charset=Windows-1252"> 
<STYLE type="text/css"> 
BODY { font: 8pt/12pt verdana } 
H1 { font: 13pt/15pt verdana } 
H2 { font: 8pt/12pt verdana } 
A:link { color: red } 
A:visited { color: maroon } 
</STYLE> 
</HEAD><BODY><TABLE width=500 border=0 cellspacing=10><TR><TD> 

<h1>FastCGI Error</h1> 
The FastCGI Handler was unable to process the request. 
<hr> 
<p>Error Details:</p> 
<ul> 
<li>The FastCGI process has failed frequently recently. Try the request again in a while</li>
<li>Error Number: -2147467259 (0x80004005).</li> 
<li>Error Description: δ????????
</li> 
 
</ul> 
<h2>HTTP Error 500 - Server Error.<br>Internet Information Services (IIS)</h2> 

</TD></TR></TABLE></BODY></HTML> 
。
2018-10-23 13:39:04：
url访问错误，访问地址：http://f.apiplus.net/js11x5-1.json。
2018-10-23 14:57:39：
数据插入数据库时错误，插入数据：{"rows":1,"code":"js11x5","info":"免费接口随机延迟3-6分钟，实时接口请访问www.opencai.net查询、购买或续费","data":[{"expect":"2018102338","opencode":"04,11,09,08,10","opentime":"2018-10-23 14:47:00","opentimestamp":1540277220}]}。
