2018-12-26 09:06:43：
数据插入数据库时错误，插入数据：{"rows":1,"code":"sh11x5","info":"免费接口随机延迟3-6分钟，实时接口请访问www.opencai.net查询、购买或续费","data":[{"expect":"2018122601","opencode":"10,11,08,01,09","opentime":"2018-12-26 09:00:40","opentimestamp":1545786040}]}。
2018-12-26 09:10:37：
返回数据转换成JSON错误，转换数据：<!DOCTYPE HTML PUBLIC "-//W3C//DTD HTML 4.01//EN" "http://www.w3.org/TR/html4/strict.dtd"> 
<HTML><HEAD><TITLE>FastCGI Error</TITLE> 
<META HTTP-EQUIV="Content-Type" Content="text/html; charset=Windows-1252"> 
<STYLE type="text/css"> 
BODY { font: 8pt/12pt verdana } 
H1 { font: 13pt/15pt verdana } 
H2 { font: 8pt/12pt verdana } 
A:link { color: red } 
A:visited { color: maroon } 
</STYLE> 
</HEAD><BODY><TABLE width=500 border=0 cellspacing=10><TR><TD> 

<h1>FastCGI Error</h1> 
The FastCGI Handler was unable to process the request. 
<hr> 
<p>Error Details:</p> 
<ul> 
<li>The FastCGI process exceeded configured activity timeout</li>
<li>Error Number: 258 (0x80070102).</li> 
<li>Error Description: ?????????????
</li> 
 
</ul> 
<h2>HTTP Error 500 - Server Error.<br>Internet Information Services (IIS)</h2> 

</TD></TR></TABLE></BODY></HTML> 
。
2018-12-26 10:40:00：
返回数据转换成JSON错误，转换数据：请求频率过快，请求newly间隔0.5000秒小于5秒。
2018-12-26 10:40:15：
返回数据转换成JSON错误，转换数据：请求频率过快，请求newly间隔0.0156秒小于5秒。
2018-12-26 10:40:30：
返回数据转换成JSON错误，转换数据：请求频率过快，请求newly间隔0.9375秒小于5秒。
2018-12-26 10:40:45：
返回数据转换成JSON错误，转换数据：请求频率过快，请求newly间隔1.0000秒小于5秒。
2018-12-26 10:41:00：
返回数据转换成JSON错误，转换数据：请求频率过快，请求newly间隔0.8594秒小于5秒。
2018-12-26 10:41:18：
返回数据转换成JSON错误，转换数据：请求频率过快，请求newly间隔1.2031秒小于5秒。
2018-12-26 10:41:30：
返回数据转换成JSON错误，转换数据：请求频率过快，请求newly间隔0.9218秒小于5秒。
2018-12-26 10:41:45：
返回数据转换成JSON错误，转换数据：请求频率过快，请求newly间隔0.8906秒小于5秒。
2018-12-26 10:42:00：
返回数据转换成JSON错误，转换数据：请求频率过快，请求newly间隔0.9218秒小于5秒。
2018-12-26 10:42:15：
返回数据转换成JSON错误，转换数据：请求频率过快，请求newly间隔0.9219秒小于5秒。
2018-12-26 10:42:30：
返回数据转换成JSON错误，转换数据：请求频率过快，请求newly间隔0.9375秒小于5秒。
2018-12-26 10:42:45：
返回数据转换成JSON错误，转换数据：请求频率过快，请求newly间隔0.9375秒小于5秒。
2018-12-26 10:43:00：
返回数据转换成JSON错误，转换数据：请求频率过快，请求newly间隔0.9531秒小于5秒。
2018-12-26 10:43:19：
返回数据转换成JSON错误，转换数据：请求频率过快，请求newly间隔1.5937秒小于5秒。
2018-12-26 10:43:30：
返回数据转换成JSON错误，转换数据：请求频率过快，请求newly间隔0.9218秒小于5秒。
2018-12-26 10:43:45：
返回数据转换成JSON错误，转换数据：请求频率过快，请求newly间隔0.9218秒小于5秒。
2018-12-26 10:44:00：
返回数据转换成JSON错误，转换数据：请求频率过快，请求newly间隔0.9218秒小于5秒。
2018-12-26 10:44:15：
返回数据转换成JSON错误，转换数据：请求频率过快，请求newly间隔0.9218秒小于5秒。
2018-12-26 10:44:30：
返回数据转换成JSON错误，转换数据：请求频率过快，请求newly间隔0.9218秒小于5秒。
2018-12-26 10:44:45：
返回数据转换成JSON错误，转换数据：请求频率过快，请求newly间隔1.0937秒小于5秒。
2018-12-26 10:45:00：
返回数据转换成JSON错误，转换数据：请求频率过快，请求newly间隔0.8281秒小于5秒。
2018-12-26 10:45:15：
返回数据转换成JSON错误，转换数据：请求频率过快，请求newly间隔0.2343秒小于5秒。
2018-12-26 10:45:30：
返回数据转换成JSON错误，转换数据：请求频率过快，请求newly间隔0.9218秒小于5秒。
2018-12-26 10:45:45：
返回数据转换成JSON错误，转换数据：请求频率过快，请求newly间隔0.9218秒小于5秒。
2018-12-26 10:46:00：
返回数据转换成JSON错误，转换数据：请求频率过快，请求newly间隔0.9375秒小于5秒。
2018-12-26 10:46:24：
返回数据转换成JSON错误，转换数据：请求频率过快，请求newly间隔1.1719秒小于5秒。
2018-12-26 10:46:30：
返回数据转换成JSON错误，转换数据：请求频率过快，请求newly间隔0.9218秒小于5秒。
2018-12-26 10:46:45：
返回数据转换成JSON错误，转换数据：请求频率过快，请求newly间隔0.9375秒小于5秒。
2018-12-26 10:47:00：
数据插入数据库时错误，插入数据：{"rows":1,"code":"sh11x5","info":"免费接口随机延迟3-6分钟，实时接口请访问www.opencai.net查询、购买或续费","data":[{"expect":"2018122611","opencode":"05,02,06,03,01","opentime":"2018-12-26 10:40:40","opentimestamp":1545792040}]}。
2018-12-26 10:47:02：
返回数据转换成JSON错误，转换数据：请求频率过快，请求newly间隔2.0625秒小于5秒。
2018-12-26 10:47:15：
返回数据转换成JSON错误，转换数据：请求频率过快，请求newly间隔0.9218秒小于5秒。
2018-12-26 10:47:30：
返回数据转换成JSON错误，转换数据：请求频率过快，请求newly间隔0.9843秒小于5秒。
2018-12-26 10:47:45：
返回数据转换成JSON错误，转换数据：请求频率过快，请求newly间隔0.9375秒小于5秒。
2018-12-26 10:48:00：
返回数据转换成JSON错误，转换数据：请求频率过快，请求newly间隔0.9219秒小于5秒。
2018-12-26 10:48:15：
返回数据转换成JSON错误，转换数据：请求频率过快，请求newly间隔0.9063秒小于5秒。
2018-12-26 10:48:30：
返回数据转换成JSON错误，转换数据：请求频率过快，请求newly间隔0.9218秒小于5秒。
2018-12-26 10:48:45：
返回数据转换成JSON错误，转换数据：请求频率过快，请求newly间隔0.9218秒小于5秒。
2018-12-26 10:49:00：
返回数据转换成JSON错误，转换数据：请求频率过快，请求newly间隔0.9062秒小于5秒。
2018-12-26 10:49:16：
返回数据转换成JSON错误，转换数据：请求频率过快，请求newly间隔1.7343秒小于5秒。
2018-12-26 10:49:30：
返回数据转换成JSON错误，转换数据：请求频率过快，请求newly间隔0.9531秒小于5秒。
2018-12-26 10:49:45：
返回数据转换成JSON错误，转换数据：请求频率过快，请求newly间隔0.9062秒小于5秒。
2018-12-26 10:50:00：
返回数据转换成JSON错误，转换数据：请求频率过快，请求newly间隔0.9375秒小于5秒。
2018-12-26 10:50:15：
返回数据转换成JSON错误，转换数据：请求频率过快，请求newly间隔1.1875秒小于5秒。
2018-12-26 10:50:30：
返回数据转换成JSON错误，转换数据：请求频率过快，请求newly间隔0.9062秒小于5秒。
2018-12-26 10:50:45：
返回数据转换成JSON错误，转换数据：请求频率过快，请求newly间隔0.9375秒小于5秒。
2018-12-26 10:51:00：
返回数据转换成JSON错误，转换数据：请求频率过快，请求newly间隔0.9062秒小于5秒。
2018-12-26 10:51:15：
返回数据转换成JSON错误，转换数据：请求频率过快，请求newly间隔0.9219秒小于5秒。
2018-12-26 10:51:30：
返回数据转换成JSON错误，转换数据：请求频率过快，请求newly间隔1.2344秒小于5秒。
2018-12-26 10:51:45：
返回数据转换成JSON错误，转换数据：请求频率过快，请求newly间隔0.9062秒小于5秒。
2018-12-26 10:52:00：
返回数据转换成JSON错误，转换数据：请求频率过快，请求newly间隔0.8593秒小于5秒。
2018-12-26 10:52:15：
返回数据转换成JSON错误，转换数据：请求频率过快，请求newly间隔0.9219秒小于5秒。
2018-12-26 10:52:30：
返回数据转换成JSON错误，转换数据：请求频率过快，请求newly间隔0.9219秒小于5秒。
2018-12-26 10:52:45：
返回数据转换成JSON错误，转换数据：请求频率过快，请求newly间隔0.9219秒小于5秒。
2018-12-26 10:53:04：
返回数据转换成JSON错误，转换数据：请求频率过快，请求newly间隔2.1562秒小于5秒。
2018-12-26 10:53:15：
返回数据转换成JSON错误，转换数据：请求频率过快，请求newly间隔0.9219秒小于5秒。
2018-12-26 10:53:30：
返回数据转换成JSON错误，转换数据：请求频率过快，请求newly间隔0.9219秒小于5秒。
2018-12-26 10:53:45：
返回数据转换成JSON错误，转换数据：请求频率过快，请求newly间隔0.9063秒小于5秒。
2018-12-26 10:54:00：
返回数据转换成JSON错误，转换数据：请求频率过快，请求newly间隔0.9375秒小于5秒。
2018-12-26 10:54:15：
返回数据转换成JSON错误，转换数据：请求频率过快，请求newly间隔0.9062秒小于5秒。
2018-12-26 10:54:30：
返回数据转换成JSON错误，转换数据：请求频率过快，请求newly间隔0.9063秒小于5秒。
2018-12-26 10:54:45：
返回数据转换成JSON错误，转换数据：请求频率过快，请求newly间隔0.8750秒小于5秒。
2018-12-26 10:55:00：
返回数据转换成JSON错误，转换数据：请求频率过快，请求newly间隔0.0938秒小于5秒。
2018-12-26 10:55:15：
返回数据转换成JSON错误，转换数据：请求频率过快，请求newly间隔0.9531秒小于5秒。
2018-12-26 10:55:30：
返回数据转换成JSON错误，转换数据：请求频率过快，请求newly间隔0.9219秒小于5秒。
2018-12-26 10:55:45：
返回数据转换成JSON错误，转换数据：请求频率过快，请求newly间隔0.9062秒小于5秒。
2018-12-26 10:56:00：
返回数据转换成JSON错误，转换数据：请求频率过快，请求newly间隔0.9219秒小于5秒。
2018-12-26 10:56:15：
返回数据转换成JSON错误，转换数据：请求频率过快，请求newly间隔0.9219秒小于5秒。
2018-12-26 10:56:30：
返回数据转换成JSON错误，转换数据：请求频率过快，请求newly间隔0.9063秒小于5秒。
2018-12-26 10:56:45：
返回数据转换成JSON错误，转换数据：请求频率过快，请求newly间隔0.9219秒小于5秒。
2018-12-26 10:57:00：
返回数据转换成JSON错误，转换数据：请求频率过快，请求newly间隔0.9219秒小于5秒。
2018-12-26 10:57:15：
返回数据转换成JSON错误，转换数据：请求频率过快，请求newly间隔0.9063秒小于5秒。
2018-12-26 10:57:30：
返回数据转换成JSON错误，转换数据：请求频率过快，请求newly间隔0.9375秒小于5秒。
2018-12-26 10:57:45：
返回数据转换成JSON错误，转换数据：请求频率过快，请求newly间隔0.9063秒小于5秒。
2018-12-26 10:58:00：
返回数据转换成JSON错误，转换数据：请求频率过快，请求newly间隔0.8907秒小于5秒。
2018-12-26 10:58:15：
返回数据转换成JSON错误，转换数据：请求频率过快，请求newly间隔0.9219秒小于5秒。
2018-12-26 10:58:30：
返回数据转换成JSON错误，转换数据：请求频率过快，请求newly间隔0.9219秒小于5秒。
2018-12-26 10:58:45：
返回数据转换成JSON错误，转换数据：请求频率过快，请求newly间隔0.9219秒小于5秒。
2018-12-26 10:59:00：
返回数据转换成JSON错误，转换数据：请求频率过快，请求newly间隔0.9375秒小于5秒。
2018-12-26 10:59:15：
返回数据转换成JSON错误，转换数据：请求频率过快，请求newly间隔0.9063秒小于5秒。
2018-12-26 10:59:30：
返回数据转换成JSON错误，转换数据：请求频率过快，请求newly间隔0.9063秒小于5秒。
2018-12-26 10:59:45：
返回数据转换成JSON错误，转换数据：请求频率过快，请求newly间隔0.9219秒小于5秒。
2018-12-26 11:00:00：
返回数据转换成JSON错误，转换数据：请求频率过快，请求newly间隔0.9219秒小于5秒。
2018-12-26 11:00:15：
返回数据转换成JSON错误，转换数据：请求频率过快，请求newly间隔0.9063秒小于5秒。
2018-12-26 11:00:30：
返回数据转换成JSON错误，转换数据：请求频率过快，请求newly间隔0.9063秒小于5秒。
2018-12-26 11:00:45：
返回数据转换成JSON错误，转换数据：请求频率过快，请求newly间隔0.9063秒小于5秒。
2018-12-26 11:01:00：
返回数据转换成JSON错误，转换数据：请求频率过快，请求newly间隔0.9219秒小于5秒。
2018-12-26 11:01:15：
返回数据转换成JSON错误，转换数据：请求频率过快，请求newly间隔0.9063秒小于5秒。
2018-12-26 11:01:30：
返回数据转换成JSON错误，转换数据：请求频率过快，请求newly间隔0.9531秒小于5秒。
2018-12-26 11:01:45：
数据插入数据库时错误，插入数据：{"rows":1,"code":"sh11x5","info":"免费接口随机延迟3-6分钟，实时接口请访问www.opencai.net查询、购买或续费","data":[{"expect":"2018122612","opencode":"04,10,03,08,06","opentime":"2018-12-26 10:50:40","opentimestamp":1545792640}]}。
2018-12-26 11:02:00：
返回数据转换成JSON错误，转换数据：请求频率过快，请求newly间隔0.3594秒小于5秒。
2018-12-26 11:02:15：
返回数据转换成JSON错误，转换数据：请求频率过快，请求newly间隔0.9063秒小于5秒。
2018-12-26 11:02:30：
返回数据转换成JSON错误，转换数据：请求频率过快，请求newly间隔0.9219秒小于5秒。
2018-12-26 11:02:45：
返回数据转换成JSON错误，转换数据：请求频率过快，请求newly间隔0.8907秒小于5秒。
2018-12-26 11:03:00：
返回数据转换成JSON错误，转换数据：请求频率过快，请求newly间隔0.9063秒小于5秒。
2018-12-26 11:03:15：
返回数据转换成JSON错误，转换数据：请求频率过快，请求newly间隔0.9219秒小于5秒。
2018-12-26 11:03:30：
返回数据转换成JSON错误，转换数据：请求频率过快，请求newly间隔0.9063秒小于5秒。
2018-12-26 11:03:45：
返回数据转换成JSON错误，转换数据：请求频率过快，请求newly间隔0.9063秒小于5秒。
2018-12-26 11:04:00：
返回数据转换成JSON错误，转换数据：请求频率过快，请求newly间隔0.9219秒小于5秒。
2018-12-26 14:04:25：
返回数据转换成JSON错误，转换数据：<!DOCTYPE HTML PUBLIC "-//W3C//DTD HTML 4.01//EN" "http://www.w3.org/TR/html4/strict.dtd"> 
<HTML><HEAD><TITLE>FastCGI Error</TITLE> 
<META HTTP-EQUIV="Content-Type" Content="text/html; charset=Windows-1252"> 
<STYLE type="text/css"> 
BODY { font: 8pt/12pt verdana } 
H1 { font: 13pt/15pt verdana } 
H2 { font: 8pt/12pt verdana } 
A:link { color: red } 
A:visited { color: maroon } 
</STYLE> 
</HEAD><BODY><TABLE width=500 border=0 cellspacing=10><TR><TD> 

<h1>FastCGI Error</h1> 
The FastCGI Handler was unable to process the request. 
<hr> 
<p>Error Details:</p> 
<ul> 
<li>The FastCGI process exceeded configured activity timeout</li>
<li>Error Number: 258 (0x80070102).</li> 
<li>Error Description: ?????????????
</li> 
 
</ul> 
<h2>HTTP Error 500 - Server Error.<br>Internet Information Services (IIS)</h2> 

</TD></TR></TABLE></BODY></HTML> 
。
